Created by PLY version 3.11 (http://www.dabeaz.com/ply)

Unused terminals:

    COMMA
    FLOAT
    FOR
    GE
    GT
    LE
    LT
    NE
    NEWLINE
    POWER
    RETURN
    SEMI
    STRING
    VOID
    WHILE

Grammar

Rule 0     S' -> programa
Rule 1     programa -> INT MAIN LPAREN RPAREN LBRACES code RBRACES
Rule 2     code -> statement SEMICOLON
Rule 3     code -> statement SEMICOLON code
Rule 4     code -> statement IF expression LPAREN code RPAREN
Rule 5     code -> statement IF expression LPAREN code RPAREN ELSE LBRACES code RBRACES
Rule 6     statement -> ID EQUALS expression
Rule 7     statement -> expression
Rule 8     expression -> expression PLUS expression
Rule 9     expression -> expression MINUS expression
Rule 10    expression -> expression TIMES expression
Rule 11    expression -> expression DIVIDE expression
Rule 12    expression -> - expression
Rule 13    expression -> LPAREN expression RPAREN
Rule 14    expression -> INTEGER
Rule 15    expression -> DOUBLE
Rule 16    expression -> CHAR
Rule 17    expression -> expression GREATER expression
Rule 18    expression -> expression LESS expression
Rule 19    expression -> expression GREATEQ expression
Rule 20    expression -> expression LESSEQ expression
Rule 21    expression -> expression EQEQ expression
Rule 22    expression -> expression NOTEQ expression
Rule 23    expression -> expression AND expression
Rule 24    expression -> expression OR expression
Rule 25    expression -> ID
Rule 26    expression -> bool
Rule 27    bool -> TRUE
Rule 28    bool -> FALSE

Terminals, with rules where they appear

-                    : 12
AND                  : 23
CHAR                 : 16
COMMA                : 
DIVIDE               : 11
DOUBLE               : 15
ELSE                 : 5
EQEQ                 : 21
EQUALS               : 6
FALSE                : 28
FLOAT                : 
FOR                  : 
GE                   : 
GREATEQ              : 19
GREATER              : 17
GT                   : 
ID                   : 6 25
IF                   : 4 5
INT                  : 1
INTEGER              : 14
LBRACES              : 1 5
LE                   : 
LESS                 : 18
LESSEQ               : 20
LPAREN               : 1 4 5 13
LT                   : 
MAIN                 : 1
MINUS                : 9
NE                   : 
NEWLINE              : 
NOTEQ                : 22
OR                   : 24
PLUS                 : 8
POWER                : 
RBRACES              : 1 5
RETURN               : 
RPAREN               : 1 4 5 13
SEMI                 : 
SEMICOLON            : 2 3
STRING               : 
TIMES                : 10
TRUE                 : 27
VOID                 : 
WHILE                : 
error                : 

Nonterminals, with rules where they appear

bool                 : 26
code                 : 1 3 4 5 5
expression           : 4 5 6 7 8 8 9 9 10 10 11 11 12 13 17 17 18 18 19 19 20 20 21 21 22 22 23 23 24 24
programa             : 0
statement            : 2 3 4 5

Parsing method: LALR

state 0

    (0) S' -> . programa
    (1) programa -> . INT MAIN LPAREN RPAREN LBRACES code RBRACES

    INT             shift and go to state 2

    programa                       shift and go to state 1

state 1

    (0) S' -> programa .



state 2

    (1) programa -> INT . MAIN LPAREN RPAREN LBRACES code RBRACES

    MAIN            shift and go to state 3


state 3

    (1) programa -> INT MAIN . LPAREN RPAREN LBRACES code RBRACES

    LPAREN          shift and go to state 4


state 4

    (1) programa -> INT MAIN LPAREN . RPAREN LBRACES code RBRACES

    RPAREN          shift and go to state 5


state 5

    (1) programa -> INT MAIN LPAREN RPAREN . LBRACES code RBRACES

    LBRACES         shift and go to state 6


state 6

    (1) programa -> INT MAIN LPAREN RPAREN LBRACES . code RBRACES
    (2) code -> . statement SEMICOLON
    (3) code -> . statement SEMICOLON code
    (4) code -> . statement IF expression LPAREN code RPAREN
    (5) code -> . statement IF expression LPAREN code RPAREN ELSE LBRACES code RBRACES
    (6) statement -> . ID EQUALS expression
    (7) statement -> . expression
    (8) expression -> . expression PLUS expression
    (9) expression -> . expression MINUS expression
    (10) expression -> . expression TIMES expression
    (11) expression -> . expression DIVIDE expression
    (12) expression -> . - expression
    (13) expression -> . LPAREN expression RPAREN
    (14) expression -> . INTEGER
    (15) expression -> . DOUBLE
    (16) expression -> . CHAR
    (17) expression -> . expression GREATER expression
    (18) expression -> . expression LESS expression
    (19) expression -> . expression GREATEQ expression
    (20) expression -> . expression LESSEQ expression
    (21) expression -> . expression EQEQ expression
    (22) expression -> . expression NOTEQ expression
    (23) expression -> . expression AND expression
    (24) expression -> . expression OR expression
    (25) expression -> . ID
    (26) expression -> . bool
    (27) bool -> . TRUE
    (28) bool -> . FALSE

    ID              shift and go to state 11
    -               shift and go to state 12
    LPAREN          shift and go to state 7
    INTEGER         shift and go to state 13
    DOUBLE          shift and go to state 14
    CHAR            shift and go to state 15
    TRUE            shift and go to state 17
    FALSE           shift and go to state 18

    code                           shift and go to state 8
    statement                      shift and go to state 9
    expression                     shift and go to state 10
    bool                           shift and go to state 16

state 7

    (13) expression -> LPAREN . expression RPAREN
    (8) expression -> . expression PLUS expression
    (9) expression -> . expression MINUS expression
    (10) expression -> . expression TIMES expression
    (11) expression -> . expression DIVIDE expression
    (12) expression -> . - expression
    (13) expression -> . LPAREN expression RPAREN
    (14) expression -> . INTEGER
    (15) expression -> . DOUBLE
    (16) expression -> . CHAR
    (17) expression -> . expression GREATER expression
    (18) expression -> . expression LESS expression
    (19) expression -> . expression GREATEQ expression
    (20) expression -> . expression LESSEQ expression
    (21) expression -> . expression EQEQ expression
    (22) expression -> . expression NOTEQ expression
    (23) expression -> . expression AND expression
    (24) expression -> . expression OR expression
    (25) expression -> . ID
    (26) expression -> . bool
    (27) bool -> . TRUE
    (28) bool -> . FALSE

    -               shift and go to state 12
    LPAREN          shift and go to state 7
    INTEGER         shift and go to state 13
    DOUBLE          shift and go to state 14
    CHAR            shift and go to state 15
    ID              shift and go to state 20
    TRUE            shift and go to state 17
    FALSE           shift and go to state 18

    expression                     shift and go to state 19
    bool                           shift and go to state 16

state 8

    (1) programa -> INT MAIN LPAREN RPAREN LBRACES code . RBRACES

    RBRACES         shift and go to state 21


state 9

    (2) code -> statement . SEMICOLON
    (3) code -> statement . SEMICOLON code
    (4) code -> statement . IF expression LPAREN code RPAREN
    (5) code -> statement . IF expression LPAREN code RPAREN ELSE LBRACES code RBRACES

    SEMICOLON       shift and go to state 22
    IF              shift and go to state 23


state 10

    (7) statement -> expression .
    (8) expression -> expression . PLUS expression
    (9) expression -> expression . MINUS expression
    (10) expression -> expression . TIMES expression
    (11) expression -> expression . DIVIDE expression
    (17) expression -> expression . GREATER expression
    (18) expression -> expression . LESS expression
    (19) expression -> expression . GREATEQ expression
    (20) expression -> expression . LESSEQ expression
    (21) expression -> expression . EQEQ expression
    (22) expression -> expression . NOTEQ expression
    (23) expression -> expression . AND expression
    (24) expression -> expression . OR expression

    SEMICOLON       reduce using rule 7 (statement -> expression .)
    IF              reduce using rule 7 (statement -> expression .)
    PLUS            shift and go to state 24
    MINUS           shift and go to state 25
    TIMES           shift and go to state 26
    DIVIDE          shift and go to state 27
    GREATER         shift and go to state 28
    LESS            shift and go to state 29
    GREATEQ         shift and go to state 30
    LESSEQ          shift and go to state 31
    EQEQ            shift and go to state 32
    NOTEQ           shift and go to state 33
    AND             shift and go to state 34
    OR              shift and go to state 35


state 11

    (6) statement -> ID . EQUALS expression
    (25) expression -> ID .

    EQUALS          shift and go to state 36
    PLUS            reduce using rule 25 (expression -> ID .)
    MINUS           reduce using rule 25 (expression -> ID .)
    TIMES           reduce using rule 25 (expression -> ID .)
    DIVIDE          reduce using rule 25 (expression -> ID .)
    GREATER         reduce using rule 25 (expression -> ID .)
    LESS            reduce using rule 25 (expression -> ID .)
    GREATEQ         reduce using rule 25 (expression -> ID .)
    LESSEQ          reduce using rule 25 (expression -> ID .)
    EQEQ            reduce using rule 25 (expression -> ID .)
    NOTEQ           reduce using rule 25 (expression -> ID .)
    AND             reduce using rule 25 (expression -> ID .)
    OR              reduce using rule 25 (expression -> ID .)
    SEMICOLON       reduce using rule 25 (expression -> ID .)
    IF              reduce using rule 25 (expression -> ID .)


state 12

    (12) expression -> - . expression
    (8) expression -> . expression PLUS expression
    (9) expression -> . expression MINUS expression
    (10) expression -> . expression TIMES expression
    (11) expression -> . expression DIVIDE expression
    (12) expression -> . - expression
    (13) expression -> . LPAREN expression RPAREN
    (14) expression -> . INTEGER
    (15) expression -> . DOUBLE
    (16) expression -> . CHAR
    (17) expression -> . expression GREATER expression
    (18) expression -> . expression LESS expression
    (19) expression -> . expression GREATEQ expression
    (20) expression -> . expression LESSEQ expression
    (21) expression -> . expression EQEQ expression
    (22) expression -> . expression NOTEQ expression
    (23) expression -> . expression AND expression
    (24) expression -> . expression OR expression
    (25) expression -> . ID
    (26) expression -> . bool
    (27) bool -> . TRUE
    (28) bool -> . FALSE

    -               shift and go to state 12
    LPAREN          shift and go to state 7
    INTEGER         shift and go to state 13
    DOUBLE          shift and go to state 14
    CHAR            shift and go to state 15
    ID              shift and go to state 20
    TRUE            shift and go to state 17
    FALSE           shift and go to state 18

    expression                     shift and go to state 37
    bool                           shift and go to state 16

state 13

    (14) expression -> INTEGER .

    PLUS            reduce using rule 14 (expression -> INTEGER .)
    MINUS           reduce using rule 14 (expression -> INTEGER .)
    TIMES           reduce using rule 14 (expression -> INTEGER .)
    DIVIDE          reduce using rule 14 (expression -> INTEGER .)
    GREATER         reduce using rule 14 (expression -> INTEGER .)
    LESS            reduce using rule 14 (expression -> INTEGER .)
    GREATEQ         reduce using rule 14 (expression -> INTEGER .)
    LESSEQ          reduce using rule 14 (expression -> INTEGER .)
    EQEQ            reduce using rule 14 (expression -> INTEGER .)
    NOTEQ           reduce using rule 14 (expression -> INTEGER .)
    AND             reduce using rule 14 (expression -> INTEGER .)
    OR              reduce using rule 14 (expression -> INTEGER .)
    SEMICOLON       reduce using rule 14 (expression -> INTEGER .)
    IF              reduce using rule 14 (expression -> INTEGER .)
    RPAREN          reduce using rule 14 (expression -> INTEGER .)
    LPAREN          reduce using rule 14 (expression -> INTEGER .)


state 14

    (15) expression -> DOUBLE .

    PLUS            reduce using rule 15 (expression -> DOUBLE .)
    MINUS           reduce using rule 15 (expression -> DOUBLE .)
    TIMES           reduce using rule 15 (expression -> DOUBLE .)
    DIVIDE          reduce using rule 15 (expression -> DOUBLE .)
    GREATER         reduce using rule 15 (expression -> DOUBLE .)
    LESS            reduce using rule 15 (expression -> DOUBLE .)
    GREATEQ         reduce using rule 15 (expression -> DOUBLE .)
    LESSEQ          reduce using rule 15 (expression -> DOUBLE .)
    EQEQ            reduce using rule 15 (expression -> DOUBLE .)
    NOTEQ           reduce using rule 15 (expression -> DOUBLE .)
    AND             reduce using rule 15 (expression -> DOUBLE .)
    OR              reduce using rule 15 (expression -> DOUBLE .)
    SEMICOLON       reduce using rule 15 (expression -> DOUBLE .)
    IF              reduce using rule 15 (expression -> DOUBLE .)
    RPAREN          reduce using rule 15 (expression -> DOUBLE .)
    LPAREN          reduce using rule 15 (expression -> DOUBLE .)


state 15

    (16) expression -> CHAR .

    PLUS            reduce using rule 16 (expression -> CHAR .)
    MINUS           reduce using rule 16 (expression -> CHAR .)
    TIMES           reduce using rule 16 (expression -> CHAR .)
    DIVIDE          reduce using rule 16 (expression -> CHAR .)
    GREATER         reduce using rule 16 (expression -> CHAR .)
    LESS            reduce using rule 16 (expression -> CHAR .)
    GREATEQ         reduce using rule 16 (expression -> CHAR .)
    LESSEQ          reduce using rule 16 (expression -> CHAR .)
    EQEQ            reduce using rule 16 (expression -> CHAR .)
    NOTEQ           reduce using rule 16 (expression -> CHAR .)
    AND             reduce using rule 16 (expression -> CHAR .)
    OR              reduce using rule 16 (expression -> CHAR .)
    SEMICOLON       reduce using rule 16 (expression -> CHAR .)
    IF              reduce using rule 16 (expression -> CHAR .)
    RPAREN          reduce using rule 16 (expression -> CHAR .)
    LPAREN          reduce using rule 16 (expression -> CHAR .)


state 16

    (26) expression -> bool .

    PLUS            reduce using rule 26 (expression -> bool .)
    MINUS           reduce using rule 26 (expression -> bool .)
    TIMES           reduce using rule 26 (expression -> bool .)
    DIVIDE          reduce using rule 26 (expression -> bool .)
    GREATER         reduce using rule 26 (expression -> bool .)
    LESS            reduce using rule 26 (expression -> bool .)
    GREATEQ         reduce using rule 26 (expression -> bool .)
    LESSEQ          reduce using rule 26 (expression -> bool .)
    EQEQ            reduce using rule 26 (expression -> bool .)
    NOTEQ           reduce using rule 26 (expression -> bool .)
    AND             reduce using rule 26 (expression -> bool .)
    OR              reduce using rule 26 (expression -> bool .)
    SEMICOLON       reduce using rule 26 (expression -> bool .)
    IF              reduce using rule 26 (expression -> bool .)
    RPAREN          reduce using rule 26 (expression -> bool .)
    LPAREN          reduce using rule 26 (expression -> bool .)


state 17

    (27) bool -> TRUE .

    PLUS            reduce using rule 27 (bool -> TRUE .)
    MINUS           reduce using rule 27 (bool -> TRUE .)
    TIMES           reduce using rule 27 (bool -> TRUE .)
    DIVIDE          reduce using rule 27 (bool -> TRUE .)
    GREATER         reduce using rule 27 (bool -> TRUE .)
    LESS            reduce using rule 27 (bool -> TRUE .)
    GREATEQ         reduce using rule 27 (bool -> TRUE .)
    LESSEQ          reduce using rule 27 (bool -> TRUE .)
    EQEQ            reduce using rule 27 (bool -> TRUE .)
    NOTEQ           reduce using rule 27 (bool -> TRUE .)
    AND             reduce using rule 27 (bool -> TRUE .)
    OR              reduce using rule 27 (bool -> TRUE .)
    SEMICOLON       reduce using rule 27 (bool -> TRUE .)
    IF              reduce using rule 27 (bool -> TRUE .)
    RPAREN          reduce using rule 27 (bool -> TRUE .)
    LPAREN          reduce using rule 27 (bool -> TRUE .)


state 18

    (28) bool -> FALSE .

    PLUS            reduce using rule 28 (bool -> FALSE .)
    MINUS           reduce using rule 28 (bool -> FALSE .)
    TIMES           reduce using rule 28 (bool -> FALSE .)
    DIVIDE          reduce using rule 28 (bool -> FALSE .)
    GREATER         reduce using rule 28 (bool -> FALSE .)
    LESS            reduce using rule 28 (bool -> FALSE .)
    GREATEQ         reduce using rule 28 (bool -> FALSE .)
    LESSEQ          reduce using rule 28 (bool -> FALSE .)
    EQEQ            reduce using rule 28 (bool -> FALSE .)
    NOTEQ           reduce using rule 28 (bool -> FALSE .)
    AND             reduce using rule 28 (bool -> FALSE .)
    OR              reduce using rule 28 (bool -> FALSE .)
    SEMICOLON       reduce using rule 28 (bool -> FALSE .)
    IF              reduce using rule 28 (bool -> FALSE .)
    RPAREN          reduce using rule 28 (bool -> FALSE .)
    LPAREN          reduce using rule 28 (bool -> FALSE .)


state 19

    (13) expression -> LPAREN expression . RPAREN
    (8) expression -> expression . PLUS expression
    (9) expression -> expression . MINUS expression
    (10) expression -> expression . TIMES expression
    (11) expression -> expression . DIVIDE expression
    (17) expression -> expression . GREATER expression
    (18) expression -> expression . LESS expression
    (19) expression -> expression . GREATEQ expression
    (20) expression -> expression . LESSEQ expression
    (21) expression -> expression . EQEQ expression
    (22) expression -> expression . NOTEQ expression
    (23) expression -> expression . AND expression
    (24) expression -> expression . OR expression

    RPAREN          shift and go to state 38
    PLUS            shift and go to state 24
    MINUS           shift and go to state 25
    TIMES           shift and go to state 26
    DIVIDE          shift and go to state 27
    GREATER         shift and go to state 28
    LESS            shift and go to state 29
    GREATEQ         shift and go to state 30
    LESSEQ          shift and go to state 31
    EQEQ            shift and go to state 32
    NOTEQ           shift and go to state 33
    AND             shift and go to state 34
    OR              shift and go to state 35


state 20

    (25) expression -> ID .

    RPAREN          reduce using rule 25 (expression -> ID .)
    PLUS            reduce using rule 25 (expression -> ID .)
    MINUS           reduce using rule 25 (expression -> ID .)
    TIMES           reduce using rule 25 (expression -> ID .)
    DIVIDE          reduce using rule 25 (expression -> ID .)
    GREATER         reduce using rule 25 (expression -> ID .)
    LESS            reduce using rule 25 (expression -> ID .)
    GREATEQ         reduce using rule 25 (expression -> ID .)
    LESSEQ          reduce using rule 25 (expression -> ID .)
    EQEQ            reduce using rule 25 (expression -> ID .)
    NOTEQ           reduce using rule 25 (expression -> ID .)
    AND             reduce using rule 25 (expression -> ID .)
    OR              reduce using rule 25 (expression -> ID .)
    SEMICOLON       reduce using rule 25 (expression -> ID .)
    IF              reduce using rule 25 (expression -> ID .)
    LPAREN          reduce using rule 25 (expression -> ID .)


state 21

    (1) programa -> INT MAIN LPAREN RPAREN LBRACES code RBRACES .

    $end            reduce using rule 1 (programa -> INT MAIN LPAREN RPAREN LBRACES code RBRACES .)


state 22

    (2) code -> statement SEMICOLON .
    (3) code -> statement SEMICOLON . code
    (2) code -> . statement SEMICOLON
    (3) code -> . statement SEMICOLON code
    (4) code -> . statement IF expression LPAREN code RPAREN
    (5) code -> . statement IF expression LPAREN code RPAREN ELSE LBRACES code RBRACES
    (6) statement -> . ID EQUALS expression
    (7) statement -> . expression
    (8) expression -> . expression PLUS expression
    (9) expression -> . expression MINUS expression
    (10) expression -> . expression TIMES expression
    (11) expression -> . expression DIVIDE expression
    (12) expression -> . - expression
    (13) expression -> . LPAREN expression RPAREN
    (14) expression -> . INTEGER
    (15) expression -> . DOUBLE
    (16) expression -> . CHAR
    (17) expression -> . expression GREATER expression
    (18) expression -> . expression LESS expression
    (19) expression -> . expression GREATEQ expression
    (20) expression -> . expression LESSEQ expression
    (21) expression -> . expression EQEQ expression
    (22) expression -> . expression NOTEQ expression
    (23) expression -> . expression AND expression
    (24) expression -> . expression OR expression
    (25) expression -> . ID
    (26) expression -> . bool
    (27) bool -> . TRUE
    (28) bool -> . FALSE

    RBRACES         reduce using rule 2 (code -> statement SEMICOLON .)
    RPAREN          reduce using rule 2 (code -> statement SEMICOLON .)
    ID              shift and go to state 11
    -               shift and go to state 12
    LPAREN          shift and go to state 7
    INTEGER         shift and go to state 13
    DOUBLE          shift and go to state 14
    CHAR            shift and go to state 15
    TRUE            shift and go to state 17
    FALSE           shift and go to state 18

    statement                      shift and go to state 9
    code                           shift and go to state 39
    expression                     shift and go to state 10
    bool                           shift and go to state 16

state 23

    (4) code -> statement IF . expression LPAREN code RPAREN
    (5) code -> statement IF . expression LPAREN code RPAREN ELSE LBRACES code RBRACES
    (8) expression -> . expression PLUS expression
    (9) expression -> . expression MINUS expression
    (10) expression -> . expression TIMES expression
    (11) expression -> . expression DIVIDE expression
    (12) expression -> . - expression
    (13) expression -> . LPAREN expression RPAREN
    (14) expression -> . INTEGER
    (15) expression -> . DOUBLE
    (16) expression -> . CHAR
    (17) expression -> . expression GREATER expression
    (18) expression -> . expression LESS expression
    (19) expression -> . expression GREATEQ expression
    (20) expression -> . expression LESSEQ expression
    (21) expression -> . expression EQEQ expression
    (22) expression -> . expression NOTEQ expression
    (23) expression -> . expression AND expression
    (24) expression -> . expression OR expression
    (25) expression -> . ID
    (26) expression -> . bool
    (27) bool -> . TRUE
    (28) bool -> . FALSE

    -               shift and go to state 12
    LPAREN          shift and go to state 7
    INTEGER         shift and go to state 13
    DOUBLE          shift and go to state 14
    CHAR            shift and go to state 15
    ID              shift and go to state 20
    TRUE            shift and go to state 17
    FALSE           shift and go to state 18

    expression                     shift and go to state 40
    bool                           shift and go to state 16

state 24

    (8) expression -> expression PLUS . expression
    (8) expression -> . expression PLUS expression
    (9) expression -> . expression MINUS expression
    (10) expression -> . expression TIMES expression
    (11) expression -> . expression DIVIDE expression
    (12) expression -> . - expression
    (13) expression -> . LPAREN expression RPAREN
    (14) expression -> . INTEGER
    (15) expression -> . DOUBLE
    (16) expression -> . CHAR
    (17) expression -> . expression GREATER expression
    (18) expression -> . expression LESS expression
    (19) expression -> . expression GREATEQ expression
    (20) expression -> . expression LESSEQ expression
    (21) expression -> . expression EQEQ expression
    (22) expression -> . expression NOTEQ expression
    (23) expression -> . expression AND expression
    (24) expression -> . expression OR expression
    (25) expression -> . ID
    (26) expression -> . bool
    (27) bool -> . TRUE
    (28) bool -> . FALSE

    -               shift and go to state 12
    LPAREN          shift and go to state 7
    INTEGER         shift and go to state 13
    DOUBLE          shift and go to state 14
    CHAR            shift and go to state 15
    ID              shift and go to state 20
    TRUE            shift and go to state 17
    FALSE           shift and go to state 18

    expression                     shift and go to state 41
    bool                           shift and go to state 16

state 25

    (9) expression -> expression MINUS . expression
    (8) expression -> . expression PLUS expression
    (9) expression -> . expression MINUS expression
    (10) expression -> . expression TIMES expression
    (11) expression -> . expression DIVIDE expression
    (12) expression -> . - expression
    (13) expression -> . LPAREN expression RPAREN
    (14) expression -> . INTEGER
    (15) expression -> . DOUBLE
    (16) expression -> . CHAR
    (17) expression -> . expression GREATER expression
    (18) expression -> . expression LESS expression
    (19) expression -> . expression GREATEQ expression
    (20) expression -> . expression LESSEQ expression
    (21) expression -> . expression EQEQ expression
    (22) expression -> . expression NOTEQ expression
    (23) expression -> . expression AND expression
    (24) expression -> . expression OR expression
    (25) expression -> . ID
    (26) expression -> . bool
    (27) bool -> . TRUE
    (28) bool -> . FALSE

    -               shift and go to state 12
    LPAREN          shift and go to state 7
    INTEGER         shift and go to state 13
    DOUBLE          shift and go to state 14
    CHAR            shift and go to state 15
    ID              shift and go to state 20
    TRUE            shift and go to state 17
    FALSE           shift and go to state 18

    expression                     shift and go to state 42
    bool                           shift and go to state 16

state 26

    (10) expression -> expression TIMES . expression
    (8) expression -> . expression PLUS expression
    (9) expression -> . expression MINUS expression
    (10) expression -> . expression TIMES expression
    (11) expression -> . expression DIVIDE expression
    (12) expression -> . - expression
    (13) expression -> . LPAREN expression RPAREN
    (14) expression -> . INTEGER
    (15) expression -> . DOUBLE
    (16) expression -> . CHAR
    (17) expression -> . expression GREATER expression
    (18) expression -> . expression LESS expression
    (19) expression -> . expression GREATEQ expression
    (20) expression -> . expression LESSEQ expression
    (21) expression -> . expression EQEQ expression
    (22) expression -> . expression NOTEQ expression
    (23) expression -> . expression AND expression
    (24) expression -> . expression OR expression
    (25) expression -> . ID
    (26) expression -> . bool
    (27) bool -> . TRUE
    (28) bool -> . FALSE

    -               shift and go to state 12
    LPAREN          shift and go to state 7
    INTEGER         shift and go to state 13
    DOUBLE          shift and go to state 14
    CHAR            shift and go to state 15
    ID              shift and go to state 20
    TRUE            shift and go to state 17
    FALSE           shift and go to state 18

    expression                     shift and go to state 43
    bool                           shift and go to state 16

state 27

    (11) expression -> expression DIVIDE . expression
    (8) expression -> . expression PLUS expression
    (9) expression -> . expression MINUS expression
    (10) expression -> . expression TIMES expression
    (11) expression -> . expression DIVIDE expression
    (12) expression -> . - expression
    (13) expression -> . LPAREN expression RPAREN
    (14) expression -> . INTEGER
    (15) expression -> . DOUBLE
    (16) expression -> . CHAR
    (17) expression -> . expression GREATER expression
    (18) expression -> . expression LESS expression
    (19) expression -> . expression GREATEQ expression
    (20) expression -> . expression LESSEQ expression
    (21) expression -> . expression EQEQ expression
    (22) expression -> . expression NOTEQ expression
    (23) expression -> . expression AND expression
    (24) expression -> . expression OR expression
    (25) expression -> . ID
    (26) expression -> . bool
    (27) bool -> . TRUE
    (28) bool -> . FALSE

    -               shift and go to state 12
    LPAREN          shift and go to state 7
    INTEGER         shift and go to state 13
    DOUBLE          shift and go to state 14
    CHAR            shift and go to state 15
    ID              shift and go to state 20
    TRUE            shift and go to state 17
    FALSE           shift and go to state 18

    expression                     shift and go to state 44
    bool                           shift and go to state 16

state 28

    (17) expression -> expression GREATER . expression
    (8) expression -> . expression PLUS expression
    (9) expression -> . expression MINUS expression
    (10) expression -> . expression TIMES expression
    (11) expression -> . expression DIVIDE expression
    (12) expression -> . - expression
    (13) expression -> . LPAREN expression RPAREN
    (14) expression -> . INTEGER
    (15) expression -> . DOUBLE
    (16) expression -> . CHAR
    (17) expression -> . expression GREATER expression
    (18) expression -> . expression LESS expression
    (19) expression -> . expression GREATEQ expression
    (20) expression -> . expression LESSEQ expression
    (21) expression -> . expression EQEQ expression
    (22) expression -> . expression NOTEQ expression
    (23) expression -> . expression AND expression
    (24) expression -> . expression OR expression
    (25) expression -> . ID
    (26) expression -> . bool
    (27) bool -> . TRUE
    (28) bool -> . FALSE

    -               shift and go to state 12
    LPAREN          shift and go to state 7
    INTEGER         shift and go to state 13
    DOUBLE          shift and go to state 14
    CHAR            shift and go to state 15
    ID              shift and go to state 20
    TRUE            shift and go to state 17
    FALSE           shift and go to state 18

    expression                     shift and go to state 45
    bool                           shift and go to state 16

state 29

    (18) expression -> expression LESS . expression
    (8) expression -> . expression PLUS expression
    (9) expression -> . expression MINUS expression
    (10) expression -> . expression TIMES expression
    (11) expression -> . expression DIVIDE expression
    (12) expression -> . - expression
    (13) expression -> . LPAREN expression RPAREN
    (14) expression -> . INTEGER
    (15) expression -> . DOUBLE
    (16) expression -> . CHAR
    (17) expression -> . expression GREATER expression
    (18) expression -> . expression LESS expression
    (19) expression -> . expression GREATEQ expression
    (20) expression -> . expression LESSEQ expression
    (21) expression -> . expression EQEQ expression
    (22) expression -> . expression NOTEQ expression
    (23) expression -> . expression AND expression
    (24) expression -> . expression OR expression
    (25) expression -> . ID
    (26) expression -> . bool
    (27) bool -> . TRUE
    (28) bool -> . FALSE

    -               shift and go to state 12
    LPAREN          shift and go to state 7
    INTEGER         shift and go to state 13
    DOUBLE          shift and go to state 14
    CHAR            shift and go to state 15
    ID              shift and go to state 20
    TRUE            shift and go to state 17
    FALSE           shift and go to state 18

    expression                     shift and go to state 46
    bool                           shift and go to state 16

state 30

    (19) expression -> expression GREATEQ . expression
    (8) expression -> . expression PLUS expression
    (9) expression -> . expression MINUS expression
    (10) expression -> . expression TIMES expression
    (11) expression -> . expression DIVIDE expression
    (12) expression -> . - expression
    (13) expression -> . LPAREN expression RPAREN
    (14) expression -> . INTEGER
    (15) expression -> . DOUBLE
    (16) expression -> . CHAR
    (17) expression -> . expression GREATER expression
    (18) expression -> . expression LESS expression
    (19) expression -> . expression GREATEQ expression
    (20) expression -> . expression LESSEQ expression
    (21) expression -> . expression EQEQ expression
    (22) expression -> . expression NOTEQ expression
    (23) expression -> . expression AND expression
    (24) expression -> . expression OR expression
    (25) expression -> . ID
    (26) expression -> . bool
    (27) bool -> . TRUE
    (28) bool -> . FALSE

    -               shift and go to state 12
    LPAREN          shift and go to state 7
    INTEGER         shift and go to state 13
    DOUBLE          shift and go to state 14
    CHAR            shift and go to state 15
    ID              shift and go to state 20
    TRUE            shift and go to state 17
    FALSE           shift and go to state 18

    expression                     shift and go to state 47
    bool                           shift and go to state 16

state 31

    (20) expression -> expression LESSEQ . expression
    (8) expression -> . expression PLUS expression
    (9) expression -> . expression MINUS expression
    (10) expression -> . expression TIMES expression
    (11) expression -> . expression DIVIDE expression
    (12) expression -> . - expression
    (13) expression -> . LPAREN expression RPAREN
    (14) expression -> . INTEGER
    (15) expression -> . DOUBLE
    (16) expression -> . CHAR
    (17) expression -> . expression GREATER expression
    (18) expression -> . expression LESS expression
    (19) expression -> . expression GREATEQ expression
    (20) expression -> . expression LESSEQ expression
    (21) expression -> . expression EQEQ expression
    (22) expression -> . expression NOTEQ expression
    (23) expression -> . expression AND expression
    (24) expression -> . expression OR expression
    (25) expression -> . ID
    (26) expression -> . bool
    (27) bool -> . TRUE
    (28) bool -> . FALSE

    -               shift and go to state 12
    LPAREN          shift and go to state 7
    INTEGER         shift and go to state 13
    DOUBLE          shift and go to state 14
    CHAR            shift and go to state 15
    ID              shift and go to state 20
    TRUE            shift and go to state 17
    FALSE           shift and go to state 18

    expression                     shift and go to state 48
    bool                           shift and go to state 16

state 32

    (21) expression -> expression EQEQ . expression
    (8) expression -> . expression PLUS expression
    (9) expression -> . expression MINUS expression
    (10) expression -> . expression TIMES expression
    (11) expression -> . expression DIVIDE expression
    (12) expression -> . - expression
    (13) expression -> . LPAREN expression RPAREN
    (14) expression -> . INTEGER
    (15) expression -> . DOUBLE
    (16) expression -> . CHAR
    (17) expression -> . expression GREATER expression
    (18) expression -> . expression LESS expression
    (19) expression -> . expression GREATEQ expression
    (20) expression -> . expression LESSEQ expression
    (21) expression -> . expression EQEQ expression
    (22) expression -> . expression NOTEQ expression
    (23) expression -> . expression AND expression
    (24) expression -> . expression OR expression
    (25) expression -> . ID
    (26) expression -> . bool
    (27) bool -> . TRUE
    (28) bool -> . FALSE

    -               shift and go to state 12
    LPAREN          shift and go to state 7
    INTEGER         shift and go to state 13
    DOUBLE          shift and go to state 14
    CHAR            shift and go to state 15
    ID              shift and go to state 20
    TRUE            shift and go to state 17
    FALSE           shift and go to state 18

    expression                     shift and go to state 49
    bool                           shift and go to state 16

state 33

    (22) expression -> expression NOTEQ . expression
    (8) expression -> . expression PLUS expression
    (9) expression -> . expression MINUS expression
    (10) expression -> . expression TIMES expression
    (11) expression -> . expression DIVIDE expression
    (12) expression -> . - expression
    (13) expression -> . LPAREN expression RPAREN
    (14) expression -> . INTEGER
    (15) expression -> . DOUBLE
    (16) expression -> . CHAR
    (17) expression -> . expression GREATER expression
    (18) expression -> . expression LESS expression
    (19) expression -> . expression GREATEQ expression
    (20) expression -> . expression LESSEQ expression
    (21) expression -> . expression EQEQ expression
    (22) expression -> . expression NOTEQ expression
    (23) expression -> . expression AND expression
    (24) expression -> . expression OR expression
    (25) expression -> . ID
    (26) expression -> . bool
    (27) bool -> . TRUE
    (28) bool -> . FALSE

    -               shift and go to state 12
    LPAREN          shift and go to state 7
    INTEGER         shift and go to state 13
    DOUBLE          shift and go to state 14
    CHAR            shift and go to state 15
    ID              shift and go to state 20
    TRUE            shift and go to state 17
    FALSE           shift and go to state 18

    expression                     shift and go to state 50
    bool                           shift and go to state 16

state 34

    (23) expression -> expression AND . expression
    (8) expression -> . expression PLUS expression
    (9) expression -> . expression MINUS expression
    (10) expression -> . expression TIMES expression
    (11) expression -> . expression DIVIDE expression
    (12) expression -> . - expression
    (13) expression -> . LPAREN expression RPAREN
    (14) expression -> . INTEGER
    (15) expression -> . DOUBLE
    (16) expression -> . CHAR
    (17) expression -> . expression GREATER expression
    (18) expression -> . expression LESS expression
    (19) expression -> . expression GREATEQ expression
    (20) expression -> . expression LESSEQ expression
    (21) expression -> . expression EQEQ expression
    (22) expression -> . expression NOTEQ expression
    (23) expression -> . expression AND expression
    (24) expression -> . expression OR expression
    (25) expression -> . ID
    (26) expression -> . bool
    (27) bool -> . TRUE
    (28) bool -> . FALSE

    -               shift and go to state 12
    LPAREN          shift and go to state 7
    INTEGER         shift and go to state 13
    DOUBLE          shift and go to state 14
    CHAR            shift and go to state 15
    ID              shift and go to state 20
    TRUE            shift and go to state 17
    FALSE           shift and go to state 18

    expression                     shift and go to state 51
    bool                           shift and go to state 16

state 35

    (24) expression -> expression OR . expression
    (8) expression -> . expression PLUS expression
    (9) expression -> . expression MINUS expression
    (10) expression -> . expression TIMES expression
    (11) expression -> . expression DIVIDE expression
    (12) expression -> . - expression
    (13) expression -> . LPAREN expression RPAREN
    (14) expression -> . INTEGER
    (15) expression -> . DOUBLE
    (16) expression -> . CHAR
    (17) expression -> . expression GREATER expression
    (18) expression -> . expression LESS expression
    (19) expression -> . expression GREATEQ expression
    (20) expression -> . expression LESSEQ expression
    (21) expression -> . expression EQEQ expression
    (22) expression -> . expression NOTEQ expression
    (23) expression -> . expression AND expression
    (24) expression -> . expression OR expression
    (25) expression -> . ID
    (26) expression -> . bool
    (27) bool -> . TRUE
    (28) bool -> . FALSE

    -               shift and go to state 12
    LPAREN          shift and go to state 7
    INTEGER         shift and go to state 13
    DOUBLE          shift and go to state 14
    CHAR            shift and go to state 15
    ID              shift and go to state 20
    TRUE            shift and go to state 17
    FALSE           shift and go to state 18

    expression                     shift and go to state 52
    bool                           shift and go to state 16

state 36

    (6) statement -> ID EQUALS . expression
    (8) expression -> . expression PLUS expression
    (9) expression -> . expression MINUS expression
    (10) expression -> . expression TIMES expression
    (11) expression -> . expression DIVIDE expression
    (12) expression -> . - expression
    (13) expression -> . LPAREN expression RPAREN
    (14) expression -> . INTEGER
    (15) expression -> . DOUBLE
    (16) expression -> . CHAR
    (17) expression -> . expression GREATER expression
    (18) expression -> . expression LESS expression
    (19) expression -> . expression GREATEQ expression
    (20) expression -> . expression LESSEQ expression
    (21) expression -> . expression EQEQ expression
    (22) expression -> . expression NOTEQ expression
    (23) expression -> . expression AND expression
    (24) expression -> . expression OR expression
    (25) expression -> . ID
    (26) expression -> . bool
    (27) bool -> . TRUE
    (28) bool -> . FALSE

    -               shift and go to state 12
    LPAREN          shift and go to state 7
    INTEGER         shift and go to state 13
    DOUBLE          shift and go to state 14
    CHAR            shift and go to state 15
    ID              shift and go to state 20
    TRUE            shift and go to state 17
    FALSE           shift and go to state 18

    expression                     shift and go to state 53
    bool                           shift and go to state 16

state 37

    (12) expression -> - expression .
    (8) expression -> expression . PLUS expression
    (9) expression -> expression . MINUS expression
    (10) expression -> expression . TIMES expression
    (11) expression -> expression . DIVIDE expression
    (17) expression -> expression . GREATER expression
    (18) expression -> expression . LESS expression
    (19) expression -> expression . GREATEQ expression
    (20) expression -> expression . LESSEQ expression
    (21) expression -> expression . EQEQ expression
    (22) expression -> expression . NOTEQ expression
    (23) expression -> expression . AND expression
    (24) expression -> expression . OR expression

    PLUS            reduce using rule 12 (expression -> - expression .)
    MINUS           reduce using rule 12 (expression -> - expression .)
    TIMES           reduce using rule 12 (expression -> - expression .)
    DIVIDE          reduce using rule 12 (expression -> - expression .)
    GREATER         reduce using rule 12 (expression -> - expression .)
    LESS            reduce using rule 12 (expression -> - expression .)
    GREATEQ         reduce using rule 12 (expression -> - expression .)
    LESSEQ          reduce using rule 12 (expression -> - expression .)
    EQEQ            reduce using rule 12 (expression -> - expression .)
    NOTEQ           reduce using rule 12 (expression -> - expression .)
    AND             reduce using rule 12 (expression -> - expression .)
    OR              reduce using rule 12 (expression -> - expression .)
    SEMICOLON       reduce using rule 12 (expression -> - expression .)
    IF              reduce using rule 12 (expression -> - expression .)
    RPAREN          reduce using rule 12 (expression -> - expression .)
    LPAREN          reduce using rule 12 (expression -> - expression .)

  ! PLUS            [ shift and go to state 24 ]
  ! MINUS           [ shift and go to state 25 ]
  ! TIMES           [ shift and go to state 26 ]
  ! DIVIDE          [ shift and go to state 27 ]
  ! GREATER         [ shift and go to state 28 ]
  ! LESS            [ shift and go to state 29 ]
  ! GREATEQ         [ shift and go to state 30 ]
  ! LESSEQ          [ shift and go to state 31 ]
  ! EQEQ            [ shift and go to state 32 ]
  ! NOTEQ           [ shift and go to state 33 ]
  ! AND             [ shift and go to state 34 ]
  ! OR              [ shift and go to state 35 ]


state 38

    (13) expression -> LPAREN expression RPAREN .

    PLUS            reduce using rule 13 (expression -> LPAREN expression RPAREN .)
    MINUS           reduce using rule 13 (expression -> LPAREN expression RPAREN .)
    TIMES           reduce using rule 13 (expression -> LPAREN expression RPAREN .)
    DIVIDE          reduce using rule 13 (expression -> LPAREN expression RPAREN .)
    GREATER         reduce using rule 13 (expression -> LPAREN expression RPAREN .)
    LESS            reduce using rule 13 (expression -> LPAREN expression RPAREN .)
    GREATEQ         reduce using rule 13 (expression -> LPAREN expression RPAREN .)
    LESSEQ          reduce using rule 13 (expression -> LPAREN expression RPAREN .)
    EQEQ            reduce using rule 13 (expression -> LPAREN expression RPAREN .)
    NOTEQ           reduce using rule 13 (expression -> LPAREN expression RPAREN .)
    AND             reduce using rule 13 (expression -> LPAREN expression RPAREN .)
    OR              reduce using rule 13 (expression -> LPAREN expression RPAREN .)
    SEMICOLON       reduce using rule 13 (expression -> LPAREN expression RPAREN .)
    IF              reduce using rule 13 (expression -> LPAREN expression RPAREN .)
    RPAREN          reduce using rule 13 (expression -> LPAREN expression RPAREN .)
    LPAREN          reduce using rule 13 (expression -> LPAREN expression RPAREN .)


state 39

    (3) code -> statement SEMICOLON code .

    RBRACES         reduce using rule 3 (code -> statement SEMICOLON code .)
    RPAREN          reduce using rule 3 (code -> statement SEMICOLON code .)


state 40

    (4) code -> statement IF expression . LPAREN code RPAREN
    (5) code -> statement IF expression . LPAREN code RPAREN ELSE LBRACES code RBRACES
    (8) expression -> expression . PLUS expression
    (9) expression -> expression . MINUS expression
    (10) expression -> expression . TIMES expression
    (11) expression -> expression . DIVIDE expression
    (17) expression -> expression . GREATER expression
    (18) expression -> expression . LESS expression
    (19) expression -> expression . GREATEQ expression
    (20) expression -> expression . LESSEQ expression
    (21) expression -> expression . EQEQ expression
    (22) expression -> expression . NOTEQ expression
    (23) expression -> expression . AND expression
    (24) expression -> expression . OR expression

    LPAREN          shift and go to state 54
    PLUS            shift and go to state 24
    MINUS           shift and go to state 25
    TIMES           shift and go to state 26
    DIVIDE          shift and go to state 27
    GREATER         shift and go to state 28
    LESS            shift and go to state 29
    GREATEQ         shift and go to state 30
    LESSEQ          shift and go to state 31
    EQEQ            shift and go to state 32
    NOTEQ           shift and go to state 33
    AND             shift and go to state 34
    OR              shift and go to state 35


state 41

    (8) expression -> expression PLUS expression .
    (8) expression -> expression . PLUS expression
    (9) expression -> expression . MINUS expression
    (10) expression -> expression . TIMES expression
    (11) expression -> expression . DIVIDE expression
    (17) expression -> expression . GREATER expression
    (18) expression -> expression . LESS expression
    (19) expression -> expression . GREATEQ expression
    (20) expression -> expression . LESSEQ expression
    (21) expression -> expression . EQEQ expression
    (22) expression -> expression . NOTEQ expression
    (23) expression -> expression . AND expression
    (24) expression -> expression . OR expression

    PLUS            reduce using rule 8 (expression -> expression PLUS expression .)
    MINUS           reduce using rule 8 (expression -> expression PLUS expression .)
    GREATER         reduce using rule 8 (expression -> expression PLUS expression .)
    LESS            reduce using rule 8 (expression -> expression PLUS expression .)
    GREATEQ         reduce using rule 8 (expression -> expression PLUS expression .)
    LESSEQ          reduce using rule 8 (expression -> expression PLUS expression .)
    EQEQ            reduce using rule 8 (expression -> expression PLUS expression .)
    NOTEQ           reduce using rule 8 (expression -> expression PLUS expression .)
    AND             reduce using rule 8 (expression -> expression PLUS expression .)
    OR              reduce using rule 8 (expression -> expression PLUS expression .)
    SEMICOLON       reduce using rule 8 (expression -> expression PLUS expression .)
    IF              reduce using rule 8 (expression -> expression PLUS expression .)
    RPAREN          reduce using rule 8 (expression -> expression PLUS expression .)
    LPAREN          reduce using rule 8 (expression -> expression PLUS expression .)
    TIMES           shift and go to state 26
    DIVIDE          shift and go to state 27

  ! TIMES           [ reduce using rule 8 (expression -> expression PLUS expression .) ]
  ! DIVIDE          [ reduce using rule 8 (expression -> expression PLUS expression .) ]
  ! PLUS            [ shift and go to state 24 ]
  ! MINUS           [ shift and go to state 25 ]
  ! GREATER         [ shift and go to state 28 ]
  ! LESS            [ shift and go to state 29 ]
  ! GREATEQ         [ shift and go to state 30 ]
  ! LESSEQ          [ shift and go to state 31 ]
  ! EQEQ            [ shift and go to state 32 ]
  ! NOTEQ           [ shift and go to state 33 ]
  ! AND             [ shift and go to state 34 ]
  ! OR              [ shift and go to state 35 ]


state 42

    (9) expression -> expression MINUS expression .
    (8) expression -> expression . PLUS expression
    (9) expression -> expression . MINUS expression
    (10) expression -> expression . TIMES expression
    (11) expression -> expression . DIVIDE expression
    (17) expression -> expression . GREATER expression
    (18) expression -> expression . LESS expression
    (19) expression -> expression . GREATEQ expression
    (20) expression -> expression . LESSEQ expression
    (21) expression -> expression . EQEQ expression
    (22) expression -> expression . NOTEQ expression
    (23) expression -> expression . AND expression
    (24) expression -> expression . OR expression

    PLUS            reduce using rule 9 (expression -> expression MINUS expression .)
    MINUS           reduce using rule 9 (expression -> expression MINUS expression .)
    GREATER         reduce using rule 9 (expression -> expression MINUS expression .)
    LESS            reduce using rule 9 (expression -> expression MINUS expression .)
    GREATEQ         reduce using rule 9 (expression -> expression MINUS expression .)
    LESSEQ          reduce using rule 9 (expression -> expression MINUS expression .)
    EQEQ            reduce using rule 9 (expression -> expression MINUS expression .)
    NOTEQ           reduce using rule 9 (expression -> expression MINUS expression .)
    AND             reduce using rule 9 (expression -> expression MINUS expression .)
    OR              reduce using rule 9 (expression -> expression MINUS expression .)
    SEMICOLON       reduce using rule 9 (expression -> expression MINUS expression .)
    IF              reduce using rule 9 (expression -> expression MINUS expression .)
    RPAREN          reduce using rule 9 (expression -> expression MINUS expression .)
    LPAREN          reduce using rule 9 (expression -> expression MINUS expression .)
    TIMES           shift and go to state 26
    DIVIDE          shift and go to state 27

  ! TIMES           [ reduce using rule 9 (expression -> expression MINUS expression .) ]
  ! DIVIDE          [ reduce using rule 9 (expression -> expression MINUS expression .) ]
  ! PLUS            [ shift and go to state 24 ]
  ! MINUS           [ shift and go to state 25 ]
  ! GREATER         [ shift and go to state 28 ]
  ! LESS            [ shift and go to state 29 ]
  ! GREATEQ         [ shift and go to state 30 ]
  ! LESSEQ          [ shift and go to state 31 ]
  ! EQEQ            [ shift and go to state 32 ]
  ! NOTEQ           [ shift and go to state 33 ]
  ! AND             [ shift and go to state 34 ]
  ! OR              [ shift and go to state 35 ]


state 43

    (10) expression -> expression TIMES expression .
    (8) expression -> expression . PLUS expression
    (9) expression -> expression . MINUS expression
    (10) expression -> expression . TIMES expression
    (11) expression -> expression . DIVIDE expression
    (17) expression -> expression . GREATER expression
    (18) expression -> expression . LESS expression
    (19) expression -> expression . GREATEQ expression
    (20) expression -> expression . LESSEQ expression
    (21) expression -> expression . EQEQ expression
    (22) expression -> expression . NOTEQ expression
    (23) expression -> expression . AND expression
    (24) expression -> expression . OR expression

    PLUS            reduce using rule 10 (expression -> expression TIMES expression .)
    MINUS           reduce using rule 10 (expression -> expression TIMES expression .)
    TIMES           reduce using rule 10 (expression -> expression TIMES expression .)
    DIVIDE          reduce using rule 10 (expression -> expression TIMES expression .)
    GREATER         reduce using rule 10 (expression -> expression TIMES expression .)
    LESS            reduce using rule 10 (expression -> expression TIMES expression .)
    GREATEQ         reduce using rule 10 (expression -> expression TIMES expression .)
    LESSEQ          reduce using rule 10 (expression -> expression TIMES expression .)
    EQEQ            reduce using rule 10 (expression -> expression TIMES expression .)
    NOTEQ           reduce using rule 10 (expression -> expression TIMES expression .)
    AND             reduce using rule 10 (expression -> expression TIMES expression .)
    OR              reduce using rule 10 (expression -> expression TIMES expression .)
    SEMICOLON       reduce using rule 10 (expression -> expression TIMES expression .)
    IF              reduce using rule 10 (expression -> expression TIMES expression .)
    RPAREN          reduce using rule 10 (expression -> expression TIMES expression .)
    LPAREN          reduce using rule 10 (expression -> expression TIMES expression .)

  ! PLUS            [ shift and go to state 24 ]
  ! MINUS           [ shift and go to state 25 ]
  ! TIMES           [ shift and go to state 26 ]
  ! DIVIDE          [ shift and go to state 27 ]
  ! GREATER         [ shift and go to state 28 ]
  ! LESS            [ shift and go to state 29 ]
  ! GREATEQ         [ shift and go to state 30 ]
  ! LESSEQ          [ shift and go to state 31 ]
  ! EQEQ            [ shift and go to state 32 ]
  ! NOTEQ           [ shift and go to state 33 ]
  ! AND             [ shift and go to state 34 ]
  ! OR              [ shift and go to state 35 ]


state 44

    (11) expression -> expression DIVIDE expression .
    (8) expression -> expression . PLUS expression
    (9) expression -> expression . MINUS expression
    (10) expression -> expression . TIMES expression
    (11) expression -> expression . DIVIDE expression
    (17) expression -> expression . GREATER expression
    (18) expression -> expression . LESS expression
    (19) expression -> expression . GREATEQ expression
    (20) expression -> expression . LESSEQ expression
    (21) expression -> expression . EQEQ expression
    (22) expression -> expression . NOTEQ expression
    (23) expression -> expression . AND expression
    (24) expression -> expression . OR expression

    PLUS            reduce using rule 11 (expression -> expression DIVIDE expression .)
    MINUS           reduce using rule 11 (expression -> expression DIVIDE expression .)
    TIMES           reduce using rule 11 (expression -> expression DIVIDE expression .)
    DIVIDE          reduce using rule 11 (expression -> expression DIVIDE expression .)
    GREATER         reduce using rule 11 (expression -> expression DIVIDE expression .)
    LESS            reduce using rule 11 (expression -> expression DIVIDE expression .)
    GREATEQ         reduce using rule 11 (expression -> expression DIVIDE expression .)
    LESSEQ          reduce using rule 11 (expression -> expression DIVIDE expression .)
    EQEQ            reduce using rule 11 (expression -> expression DIVIDE expression .)
    NOTEQ           reduce using rule 11 (expression -> expression DIVIDE expression .)
    AND             reduce using rule 11 (expression -> expression DIVIDE expression .)
    OR              reduce using rule 11 (expression -> expression DIVIDE expression .)
    SEMICOLON       reduce using rule 11 (expression -> expression DIVIDE expression .)
    IF              reduce using rule 11 (expression -> expression DIVIDE expression .)
    RPAREN          reduce using rule 11 (expression -> expression DIVIDE expression .)
    LPAREN          reduce using rule 11 (expression -> expression DIVIDE expression .)

  ! PLUS            [ shift and go to state 24 ]
  ! MINUS           [ shift and go to state 25 ]
  ! TIMES           [ shift and go to state 26 ]
  ! DIVIDE          [ shift and go to state 27 ]
  ! GREATER         [ shift and go to state 28 ]
  ! LESS            [ shift and go to state 29 ]
  ! GREATEQ         [ shift and go to state 30 ]
  ! LESSEQ          [ shift and go to state 31 ]
  ! EQEQ            [ shift and go to state 32 ]
  ! NOTEQ           [ shift and go to state 33 ]
  ! AND             [ shift and go to state 34 ]
  ! OR              [ shift and go to state 35 ]


state 45

    (17) expression -> expression GREATER expression .
    (8) expression -> expression . PLUS expression
    (9) expression -> expression . MINUS expression
    (10) expression -> expression . TIMES expression
    (11) expression -> expression . DIVIDE expression
    (17) expression -> expression . GREATER expression
    (18) expression -> expression . LESS expression
    (19) expression -> expression . GREATEQ expression
    (20) expression -> expression . LESSEQ expression
    (21) expression -> expression . EQEQ expression
    (22) expression -> expression . NOTEQ expression
    (23) expression -> expression . AND expression
    (24) expression -> expression . OR expression

    GREATER         reduce using rule 17 (expression -> expression GREATER expression .)
    LESS            reduce using rule 17 (expression -> expression GREATER expression .)
    GREATEQ         reduce using rule 17 (expression -> expression GREATER expression .)
    LESSEQ          reduce using rule 17 (expression -> expression GREATER expression .)
    EQEQ            reduce using rule 17 (expression -> expression GREATER expression .)
    NOTEQ           reduce using rule 17 (expression -> expression GREATER expression .)
    AND             reduce using rule 17 (expression -> expression GREATER expression .)
    OR              reduce using rule 17 (expression -> expression GREATER expression .)
    SEMICOLON       reduce using rule 17 (expression -> expression GREATER expression .)
    IF              reduce using rule 17 (expression -> expression GREATER expression .)
    RPAREN          reduce using rule 17 (expression -> expression GREATER expression .)
    LPAREN          reduce using rule 17 (expression -> expression GREATER expression .)
    PLUS            shift and go to state 24
    MINUS           shift and go to state 25
    TIMES           shift and go to state 26
    DIVIDE          shift and go to state 27

  ! PLUS            [ reduce using rule 17 (expression -> expression GREATER expression .) ]
  ! MINUS           [ reduce using rule 17 (expression -> expression GREATER expression .) ]
  ! TIMES           [ reduce using rule 17 (expression -> expression GREATER expression .) ]
  ! DIVIDE          [ reduce using rule 17 (expression -> expression GREATER expression .) ]
  ! GREATER         [ shift and go to state 28 ]
  ! LESS            [ shift and go to state 29 ]
  ! GREATEQ         [ shift and go to state 30 ]
  ! LESSEQ          [ shift and go to state 31 ]
  ! EQEQ            [ shift and go to state 32 ]
  ! NOTEQ           [ shift and go to state 33 ]
  ! AND             [ shift and go to state 34 ]
  ! OR              [ shift and go to state 35 ]


state 46

    (18) expression -> expression LESS expression .
    (8) expression -> expression . PLUS expression
    (9) expression -> expression . MINUS expression
    (10) expression -> expression . TIMES expression
    (11) expression -> expression . DIVIDE expression
    (17) expression -> expression . GREATER expression
    (18) expression -> expression . LESS expression
    (19) expression -> expression . GREATEQ expression
    (20) expression -> expression . LESSEQ expression
    (21) expression -> expression . EQEQ expression
    (22) expression -> expression . NOTEQ expression
    (23) expression -> expression . AND expression
    (24) expression -> expression . OR expression

    GREATER         reduce using rule 18 (expression -> expression LESS expression .)
    LESS            reduce using rule 18 (expression -> expression LESS expression .)
    GREATEQ         reduce using rule 18 (expression -> expression LESS expression .)
    LESSEQ          reduce using rule 18 (expression -> expression LESS expression .)
    EQEQ            reduce using rule 18 (expression -> expression LESS expression .)
    NOTEQ           reduce using rule 18 (expression -> expression LESS expression .)
    AND             reduce using rule 18 (expression -> expression LESS expression .)
    OR              reduce using rule 18 (expression -> expression LESS expression .)
    SEMICOLON       reduce using rule 18 (expression -> expression LESS expression .)
    IF              reduce using rule 18 (expression -> expression LESS expression .)
    RPAREN          reduce using rule 18 (expression -> expression LESS expression .)
    LPAREN          reduce using rule 18 (expression -> expression LESS expression .)
    PLUS            shift and go to state 24
    MINUS           shift and go to state 25
    TIMES           shift and go to state 26
    DIVIDE          shift and go to state 27

  ! PLUS            [ reduce using rule 18 (expression -> expression LESS expression .) ]
  ! MINUS           [ reduce using rule 18 (expression -> expression LESS expression .) ]
  ! TIMES           [ reduce using rule 18 (expression -> expression LESS expression .) ]
  ! DIVIDE          [ reduce using rule 18 (expression -> expression LESS expression .) ]
  ! GREATER         [ shift and go to state 28 ]
  ! LESS            [ shift and go to state 29 ]
  ! GREATEQ         [ shift and go to state 30 ]
  ! LESSEQ          [ shift and go to state 31 ]
  ! EQEQ            [ shift and go to state 32 ]
  ! NOTEQ           [ shift and go to state 33 ]
  ! AND             [ shift and go to state 34 ]
  ! OR              [ shift and go to state 35 ]


state 47

    (19) expression -> expression GREATEQ expression .
    (8) expression -> expression . PLUS expression
    (9) expression -> expression . MINUS expression
    (10) expression -> expression . TIMES expression
    (11) expression -> expression . DIVIDE expression
    (17) expression -> expression . GREATER expression
    (18) expression -> expression . LESS expression
    (19) expression -> expression . GREATEQ expression
    (20) expression -> expression . LESSEQ expression
    (21) expression -> expression . EQEQ expression
    (22) expression -> expression . NOTEQ expression
    (23) expression -> expression . AND expression
    (24) expression -> expression . OR expression

    GREATER         reduce using rule 19 (expression -> expression GREATEQ expression .)
    LESS            reduce using rule 19 (expression -> expression GREATEQ expression .)
    GREATEQ         reduce using rule 19 (expression -> expression GREATEQ expression .)
    LESSEQ          reduce using rule 19 (expression -> expression GREATEQ expression .)
    EQEQ            reduce using rule 19 (expression -> expression GREATEQ expression .)
    NOTEQ           reduce using rule 19 (expression -> expression GREATEQ expression .)
    AND             reduce using rule 19 (expression -> expression GREATEQ expression .)
    OR              reduce using rule 19 (expression -> expression GREATEQ expression .)
    SEMICOLON       reduce using rule 19 (expression -> expression GREATEQ expression .)
    IF              reduce using rule 19 (expression -> expression GREATEQ expression .)
    RPAREN          reduce using rule 19 (expression -> expression GREATEQ expression .)
    LPAREN          reduce using rule 19 (expression -> expression GREATEQ expression .)
    PLUS            shift and go to state 24
    MINUS           shift and go to state 25
    TIMES           shift and go to state 26
    DIVIDE          shift and go to state 27

  ! PLUS            [ reduce using rule 19 (expression -> expression GREATEQ expression .) ]
  ! MINUS           [ reduce using rule 19 (expression -> expression GREATEQ expression .) ]
  ! TIMES           [ reduce using rule 19 (expression -> expression GREATEQ expression .) ]
  ! DIVIDE          [ reduce using rule 19 (expression -> expression GREATEQ expression .) ]
  ! GREATER         [ shift and go to state 28 ]
  ! LESS            [ shift and go to state 29 ]
  ! GREATEQ         [ shift and go to state 30 ]
  ! LESSEQ          [ shift and go to state 31 ]
  ! EQEQ            [ shift and go to state 32 ]
  ! NOTEQ           [ shift and go to state 33 ]
  ! AND             [ shift and go to state 34 ]
  ! OR              [ shift and go to state 35 ]


state 48

    (20) expression -> expression LESSEQ expression .
    (8) expression -> expression . PLUS expression
    (9) expression -> expression . MINUS expression
    (10) expression -> expression . TIMES expression
    (11) expression -> expression . DIVIDE expression
    (17) expression -> expression . GREATER expression
    (18) expression -> expression . LESS expression
    (19) expression -> expression . GREATEQ expression
    (20) expression -> expression . LESSEQ expression
    (21) expression -> expression . EQEQ expression
    (22) expression -> expression . NOTEQ expression
    (23) expression -> expression . AND expression
    (24) expression -> expression . OR expression

    GREATER         reduce using rule 20 (expression -> expression LESSEQ expression .)
    LESS            reduce using rule 20 (expression -> expression LESSEQ expression .)
    GREATEQ         reduce using rule 20 (expression -> expression LESSEQ expression .)
    LESSEQ          reduce using rule 20 (expression -> expression LESSEQ expression .)
    EQEQ            reduce using rule 20 (expression -> expression LESSEQ expression .)
    NOTEQ           reduce using rule 20 (expression -> expression LESSEQ expression .)
    AND             reduce using rule 20 (expression -> expression LESSEQ expression .)
    OR              reduce using rule 20 (expression -> expression LESSEQ expression .)
    SEMICOLON       reduce using rule 20 (expression -> expression LESSEQ expression .)
    IF              reduce using rule 20 (expression -> expression LESSEQ expression .)
    RPAREN          reduce using rule 20 (expression -> expression LESSEQ expression .)
    LPAREN          reduce using rule 20 (expression -> expression LESSEQ expression .)
    PLUS            shift and go to state 24
    MINUS           shift and go to state 25
    TIMES           shift and go to state 26
    DIVIDE          shift and go to state 27

  ! PLUS            [ reduce using rule 20 (expression -> expression LESSEQ expression .) ]
  ! MINUS           [ reduce using rule 20 (expression -> expression LESSEQ expression .) ]
  ! TIMES           [ reduce using rule 20 (expression -> expression LESSEQ expression .) ]
  ! DIVIDE          [ reduce using rule 20 (expression -> expression LESSEQ expression .) ]
  ! GREATER         [ shift and go to state 28 ]
  ! LESS            [ shift and go to state 29 ]
  ! GREATEQ         [ shift and go to state 30 ]
  ! LESSEQ          [ shift and go to state 31 ]
  ! EQEQ            [ shift and go to state 32 ]
  ! NOTEQ           [ shift and go to state 33 ]
  ! AND             [ shift and go to state 34 ]
  ! OR              [ shift and go to state 35 ]


state 49

    (21) expression -> expression EQEQ expression .
    (8) expression -> expression . PLUS expression
    (9) expression -> expression . MINUS expression
    (10) expression -> expression . TIMES expression
    (11) expression -> expression . DIVIDE expression
    (17) expression -> expression . GREATER expression
    (18) expression -> expression . LESS expression
    (19) expression -> expression . GREATEQ expression
    (20) expression -> expression . LESSEQ expression
    (21) expression -> expression . EQEQ expression
    (22) expression -> expression . NOTEQ expression
    (23) expression -> expression . AND expression
    (24) expression -> expression . OR expression

    GREATER         reduce using rule 21 (expression -> expression EQEQ expression .)
    LESS            reduce using rule 21 (expression -> expression EQEQ expression .)
    GREATEQ         reduce using rule 21 (expression -> expression EQEQ expression .)
    LESSEQ          reduce using rule 21 (expression -> expression EQEQ expression .)
    EQEQ            reduce using rule 21 (expression -> expression EQEQ expression .)
    NOTEQ           reduce using rule 21 (expression -> expression EQEQ expression .)
    AND             reduce using rule 21 (expression -> expression EQEQ expression .)
    OR              reduce using rule 21 (expression -> expression EQEQ expression .)
    SEMICOLON       reduce using rule 21 (expression -> expression EQEQ expression .)
    IF              reduce using rule 21 (expression -> expression EQEQ expression .)
    RPAREN          reduce using rule 21 (expression -> expression EQEQ expression .)
    LPAREN          reduce using rule 21 (expression -> expression EQEQ expression .)
    PLUS            shift and go to state 24
    MINUS           shift and go to state 25
    TIMES           shift and go to state 26
    DIVIDE          shift and go to state 27

  ! PLUS            [ reduce using rule 21 (expression -> expression EQEQ expression .) ]
  ! MINUS           [ reduce using rule 21 (expression -> expression EQEQ expression .) ]
  ! TIMES           [ reduce using rule 21 (expression -> expression EQEQ expression .) ]
  ! DIVIDE          [ reduce using rule 21 (expression -> expression EQEQ expression .) ]
  ! GREATER         [ shift and go to state 28 ]
  ! LESS            [ shift and go to state 29 ]
  ! GREATEQ         [ shift and go to state 30 ]
  ! LESSEQ          [ shift and go to state 31 ]
  ! EQEQ            [ shift and go to state 32 ]
  ! NOTEQ           [ shift and go to state 33 ]
  ! AND             [ shift and go to state 34 ]
  ! OR              [ shift and go to state 35 ]


state 50

    (22) expression -> expression NOTEQ expression .
    (8) expression -> expression . PLUS expression
    (9) expression -> expression . MINUS expression
    (10) expression -> expression . TIMES expression
    (11) expression -> expression . DIVIDE expression
    (17) expression -> expression . GREATER expression
    (18) expression -> expression . LESS expression
    (19) expression -> expression . GREATEQ expression
    (20) expression -> expression . LESSEQ expression
    (21) expression -> expression . EQEQ expression
    (22) expression -> expression . NOTEQ expression
    (23) expression -> expression . AND expression
    (24) expression -> expression . OR expression

    GREATER         reduce using rule 22 (expression -> expression NOTEQ expression .)
    LESS            reduce using rule 22 (expression -> expression NOTEQ expression .)
    GREATEQ         reduce using rule 22 (expression -> expression NOTEQ expression .)
    LESSEQ          reduce using rule 22 (expression -> expression NOTEQ expression .)
    EQEQ            reduce using rule 22 (expression -> expression NOTEQ expression .)
    NOTEQ           reduce using rule 22 (expression -> expression NOTEQ expression .)
    AND             reduce using rule 22 (expression -> expression NOTEQ expression .)
    OR              reduce using rule 22 (expression -> expression NOTEQ expression .)
    SEMICOLON       reduce using rule 22 (expression -> expression NOTEQ expression .)
    IF              reduce using rule 22 (expression -> expression NOTEQ expression .)
    RPAREN          reduce using rule 22 (expression -> expression NOTEQ expression .)
    LPAREN          reduce using rule 22 (expression -> expression NOTEQ expression .)
    PLUS            shift and go to state 24
    MINUS           shift and go to state 25
    TIMES           shift and go to state 26
    DIVIDE          shift and go to state 27

  ! PLUS            [ reduce using rule 22 (expression -> expression NOTEQ expression .) ]
  ! MINUS           [ reduce using rule 22 (expression -> expression NOTEQ expression .) ]
  ! TIMES           [ reduce using rule 22 (expression -> expression NOTEQ expression .) ]
  ! DIVIDE          [ reduce using rule 22 (expression -> expression NOTEQ expression .) ]
  ! GREATER         [ shift and go to state 28 ]
  ! LESS            [ shift and go to state 29 ]
  ! GREATEQ         [ shift and go to state 30 ]
  ! LESSEQ          [ shift and go to state 31 ]
  ! EQEQ            [ shift and go to state 32 ]
  ! NOTEQ           [ shift and go to state 33 ]
  ! AND             [ shift and go to state 34 ]
  ! OR              [ shift and go to state 35 ]


state 51

    (23) expression -> expression AND expression .
    (8) expression -> expression . PLUS expression
    (9) expression -> expression . MINUS expression
    (10) expression -> expression . TIMES expression
    (11) expression -> expression . DIVIDE expression
    (17) expression -> expression . GREATER expression
    (18) expression -> expression . LESS expression
    (19) expression -> expression . GREATEQ expression
    (20) expression -> expression . LESSEQ expression
    (21) expression -> expression . EQEQ expression
    (22) expression -> expression . NOTEQ expression
    (23) expression -> expression . AND expression
    (24) expression -> expression . OR expression

    AND             reduce using rule 23 (expression -> expression AND expression .)
    OR              reduce using rule 23 (expression -> expression AND expression .)
    SEMICOLON       reduce using rule 23 (expression -> expression AND expression .)
    IF              reduce using rule 23 (expression -> expression AND expression .)
    RPAREN          reduce using rule 23 (expression -> expression AND expression .)
    LPAREN          reduce using rule 23 (expression -> expression AND expression .)
    PLUS            shift and go to state 24
    MINUS           shift and go to state 25
    TIMES           shift and go to state 26
    DIVIDE          shift and go to state 27
    GREATER         shift and go to state 28
    LESS            shift and go to state 29
    GREATEQ         shift and go to state 30
    LESSEQ          shift and go to state 31
    EQEQ            shift and go to state 32
    NOTEQ           shift and go to state 33

  ! PLUS            [ reduce using rule 23 (expression -> expression AND expression .) ]
  ! MINUS           [ reduce using rule 23 (expression -> expression AND expression .) ]
  ! TIMES           [ reduce using rule 23 (expression -> expression AND expression .) ]
  ! DIVIDE          [ reduce using rule 23 (expression -> expression AND expression .) ]
  ! GREATER         [ reduce using rule 23 (expression -> expression AND expression .) ]
  ! LESS            [ reduce using rule 23 (expression -> expression AND expression .) ]
  ! GREATEQ         [ reduce using rule 23 (expression -> expression AND expression .) ]
  ! LESSEQ          [ reduce using rule 23 (expression -> expression AND expression .) ]
  ! EQEQ            [ reduce using rule 23 (expression -> expression AND expression .) ]
  ! NOTEQ           [ reduce using rule 23 (expression -> expression AND expression .) ]
  ! AND             [ shift and go to state 34 ]
  ! OR              [ shift and go to state 35 ]


state 52

    (24) expression -> expression OR expression .
    (8) expression -> expression . PLUS expression
    (9) expression -> expression . MINUS expression
    (10) expression -> expression . TIMES expression
    (11) expression -> expression . DIVIDE expression
    (17) expression -> expression . GREATER expression
    (18) expression -> expression . LESS expression
    (19) expression -> expression . GREATEQ expression
    (20) expression -> expression . LESSEQ expression
    (21) expression -> expression . EQEQ expression
    (22) expression -> expression . NOTEQ expression
    (23) expression -> expression . AND expression
    (24) expression -> expression . OR expression

    AND             reduce using rule 24 (expression -> expression OR expression .)
    OR              reduce using rule 24 (expression -> expression OR expression .)
    SEMICOLON       reduce using rule 24 (expression -> expression OR expression .)
    IF              reduce using rule 24 (expression -> expression OR expression .)
    RPAREN          reduce using rule 24 (expression -> expression OR expression .)
    LPAREN          reduce using rule 24 (expression -> expression OR expression .)
    PLUS            shift and go to state 24
    MINUS           shift and go to state 25
    TIMES           shift and go to state 26
    DIVIDE          shift and go to state 27
    GREATER         shift and go to state 28
    LESS            shift and go to state 29
    GREATEQ         shift and go to state 30
    LESSEQ          shift and go to state 31
    EQEQ            shift and go to state 32
    NOTEQ           shift and go to state 33

  ! PLUS            [ reduce using rule 24 (expression -> expression OR expression .) ]
  ! MINUS           [ reduce using rule 24 (expression -> expression OR expression .) ]
  ! TIMES           [ reduce using rule 24 (expression -> expression OR expression .) ]
  ! DIVIDE          [ reduce using rule 24 (expression -> expression OR expression .) ]
  ! GREATER         [ reduce using rule 24 (expression -> expression OR expression .) ]
  ! LESS            [ reduce using rule 24 (expression -> expression OR expression .) ]
  ! GREATEQ         [ reduce using rule 24 (expression -> expression OR expression .) ]
  ! LESSEQ          [ reduce using rule 24 (expression -> expression OR expression .) ]
  ! EQEQ            [ reduce using rule 24 (expression -> expression OR expression .) ]
  ! NOTEQ           [ reduce using rule 24 (expression -> expression OR expression .) ]
  ! AND             [ shift and go to state 34 ]
  ! OR              [ shift and go to state 35 ]


state 53

    (6) statement -> ID EQUALS expression .
    (8) expression -> expression . PLUS expression
    (9) expression -> expression . MINUS expression
    (10) expression -> expression . TIMES expression
    (11) expression -> expression . DIVIDE expression
    (17) expression -> expression . GREATER expression
    (18) expression -> expression . LESS expression
    (19) expression -> expression . GREATEQ expression
    (20) expression -> expression . LESSEQ expression
    (21) expression -> expression . EQEQ expression
    (22) expression -> expression . NOTEQ expression
    (23) expression -> expression . AND expression
    (24) expression -> expression . OR expression

    SEMICOLON       reduce using rule 6 (statement -> ID EQUALS expression .)
    IF              reduce using rule 6 (statement -> ID EQUALS expression .)
    PLUS            shift and go to state 24
    MINUS           shift and go to state 25
    TIMES           shift and go to state 26
    DIVIDE          shift and go to state 27
    GREATER         shift and go to state 28
    LESS            shift and go to state 29
    GREATEQ         shift and go to state 30
    LESSEQ          shift and go to state 31
    EQEQ            shift and go to state 32
    NOTEQ           shift and go to state 33
    AND             shift and go to state 34
    OR              shift and go to state 35


state 54

    (4) code -> statement IF expression LPAREN . code RPAREN
    (5) code -> statement IF expression LPAREN . code RPAREN ELSE LBRACES code RBRACES
    (2) code -> . statement SEMICOLON
    (3) code -> . statement SEMICOLON code
    (4) code -> . statement IF expression LPAREN code RPAREN
    (5) code -> . statement IF expression LPAREN code RPAREN ELSE LBRACES code RBRACES
    (6) statement -> . ID EQUALS expression
    (7) statement -> . expression
    (8) expression -> . expression PLUS expression
    (9) expression -> . expression MINUS expression
    (10) expression -> . expression TIMES expression
    (11) expression -> . expression DIVIDE expression
    (12) expression -> . - expression
    (13) expression -> . LPAREN expression RPAREN
    (14) expression -> . INTEGER
    (15) expression -> . DOUBLE
    (16) expression -> . CHAR
    (17) expression -> . expression GREATER expression
    (18) expression -> . expression LESS expression
    (19) expression -> . expression GREATEQ expression
    (20) expression -> . expression LESSEQ expression
    (21) expression -> . expression EQEQ expression
    (22) expression -> . expression NOTEQ expression
    (23) expression -> . expression AND expression
    (24) expression -> . expression OR expression
    (25) expression -> . ID
    (26) expression -> . bool
    (27) bool -> . TRUE
    (28) bool -> . FALSE

    ID              shift and go to state 11
    -               shift and go to state 12
    LPAREN          shift and go to state 7
    INTEGER         shift and go to state 13
    DOUBLE          shift and go to state 14
    CHAR            shift and go to state 15
    TRUE            shift and go to state 17
    FALSE           shift and go to state 18

    statement                      shift and go to state 9
    expression                     shift and go to state 10
    code                           shift and go to state 55
    bool                           shift and go to state 16

state 55

    (4) code -> statement IF expression LPAREN code . RPAREN
    (5) code -> statement IF expression LPAREN code . RPAREN ELSE LBRACES code RBRACES

    RPAREN          shift and go to state 56


state 56

    (4) code -> statement IF expression LPAREN code RPAREN .
    (5) code -> statement IF expression LPAREN code RPAREN . ELSE LBRACES code RBRACES

    RBRACES         reduce using rule 4 (code -> statement IF expression LPAREN code RPAREN .)
    RPAREN          reduce using rule 4 (code -> statement IF expression LPAREN code RPAREN .)
    ELSE            shift and go to state 57


state 57

    (5) code -> statement IF expression LPAREN code RPAREN ELSE . LBRACES code RBRACES

    LBRACES         shift and go to state 58


state 58

    (5) code -> statement IF expression LPAREN code RPAREN ELSE LBRACES . code RBRACES
    (2) code -> . statement SEMICOLON
    (3) code -> . statement SEMICOLON code
    (4) code -> . statement IF expression LPAREN code RPAREN
    (5) code -> . statement IF expression LPAREN code RPAREN ELSE LBRACES code RBRACES
    (6) statement -> . ID EQUALS expression
    (7) statement -> . expression
    (8) expression -> . expression PLUS expression
    (9) expression -> . expression MINUS expression
    (10) expression -> . expression TIMES expression
    (11) expression -> . expression DIVIDE expression
    (12) expression -> . - expression
    (13) expression -> . LPAREN expression RPAREN
    (14) expression -> . INTEGER
    (15) expression -> . DOUBLE
    (16) expression -> . CHAR
    (17) expression -> . expression GREATER expression
    (18) expression -> . expression LESS expression
    (19) expression -> . expression GREATEQ expression
    (20) expression -> . expression LESSEQ expression
    (21) expression -> . expression EQEQ expression
    (22) expression -> . expression NOTEQ expression
    (23) expression -> . expression AND expression
    (24) expression -> . expression OR expression
    (25) expression -> . ID
    (26) expression -> . bool
    (27) bool -> . TRUE
    (28) bool -> . FALSE

    ID              shift and go to state 11
    -               shift and go to state 12
    LPAREN          shift and go to state 7
    INTEGER         shift and go to state 13
    DOUBLE          shift and go to state 14
    CHAR            shift and go to state 15
    TRUE            shift and go to state 17
    FALSE           shift and go to state 18

    statement                      shift and go to state 9
    expression                     shift and go to state 10
    code                           shift and go to state 59
    bool                           shift and go to state 16

state 59

    (5) code -> statement IF expression LPAREN code RPAREN ELSE LBRACES code . RBRACES

    RBRACES         shift and go to state 60


state 60

    (5) code -> statement IF expression LPAREN code RPAREN ELSE LBRACES code RBRACES .

    RBRACES         reduce using rule 5 (code -> statement IF expression LPAREN code RPAREN ELSE LBRACES code RBRACES .)
    RPAREN          reduce using rule 5 (code -> statement IF expression LPAREN code RPAREN ELSE LBRACES code RBRACES .)

